<?xml version="1.0" encoding="UTF-8"?>
<testng-results ignored="0" total="1" passed="1" failed="0" skipped="0">
  <reporter-output>
  </reporter-output>
  <suite started-at="2025-05-29T13:33:41 WAT" name="Default suite" finished-at="2025-05-29T13:34:11 WAT" duration-ms="30111">
    <groups>
      <group name="cucumber">
        <method signature="AbstractTestNGCucumberTests.runScenario(io.cucumber.testng.PickleWrapper,io.cucumber.testng.FeatureWrapper)[pri:0, instance:run.Runner@3a52dba3]" name="runScenario" class="io.cucumber.testng.AbstractTestNGCucumberTests"/>
      </group> <!-- cucumber -->
    </groups>
    <test started-at="2025-05-29T13:33:41 WAT" name="Default test" finished-at="2025-05-29T13:34:11 WAT" duration-ms="30111">
      <class name="run.Runner">
        <test-method is-config="true" signature="setUpClass(org.testng.ITestContext)[pri:0, instance:run.Runner@3a52dba3]" started-at="2025-05-29T13:33:41 WAT" name="setUpClass" finished-at="2025-05-29T13:33:41 WAT" duration-ms="533" status="PASS">
          <params>
            <param index="0">
              <value>
                <![CDATA[org.testng.TestRunner@6b5c134e]]>
              </value>
            </param>
          </params>
          <reporter-output>
          </reporter-output>
        </test-method> <!-- setUpClass -->
        <test-method signature="runScenario(io.cucumber.testng.PickleWrapper,io.cucumber.testng.FeatureWrapper)[pri:0, instance:run.Runner@3a52dba3]" started-at="2025-05-29T13:33:41 WAT" name="runScenario" description="Runs Cucumber Scenarios" data-provider="scenarios" finished-at="2025-05-29T13:33:58 WAT" duration-ms="17123" status="PASS">
          <params>
            <param index="0">
              <value>
                <![CDATA["creation compte utilisateur"]]>
              </value>
            </param>
            <param index="1">
              <value>
                <![CDATA["creation compte"]]>
              </value>
            </param>
          </params>
          <reporter-output>
          </reporter-output>
        </test-method> <!-- runScenario -->
        <test-method is-config="true" signature="tearDownClass()[pri:0, instance:run.Runner@3a52dba3]" started-at="2025-05-29T13:33:58 WAT" name="tearDownClass" finished-at="2025-05-29T13:34:11 WAT" duration-ms="12424" status="PASS">
          <reporter-output>
          </reporter-output>
        </test-method> <!-- tearDownClass -->
      </class> <!-- run.Runner -->
    </test> <!-- Default test -->
  </suite> <!-- Default suite -->
</testng-results>
